manager/app/build/intermediates/manifest_merge_blame_file/release/processReleaseMainManifest/manifest-merger-blame-release-report.txt
1<?xml version="1.0" encoding="utf-8"?>
2<manifest xmlns:android="http://schemas.android.com/apk/res/android"
3    package="com.sukisu.ultra"
4    android:versionCode="12977"
5    android:versionName="v3.1.4" >
6
7    <uses-sdk
8        android:minSdkVersion="26"
9        android:targetSdkVersion="36" />
10
11    <uses-permission android:name="android.permission.INTERNET" />
11-->src/main/AndroidManifest.xml:5:5-67
11-->src/main/AndroidManifest.xml:5:22-64
12    <uses-permission android:name="android.permission.READ_EXTERNAL_STORAGE" />
12-->src/main/AndroidManifest.xml:6:5-7:40
12-->src/main/AndroidManifest.xml:6:22-77
13    <uses-permission android:name="android.permission.WRITE_EXTERNAL_STORAGE" />
13-->src/main/AndroidManifest.xml:8:5-9:40
13-->src/main/AndroidManifest.xml:8:22-78
14
15    <permission
15-->[androidx.core:core:1.15.0] AndroidManifest.xml:22:5-24:47
16        android:name="com.sukisu.ultra.DYNAMIC_RECEIVER_NOT_EXPORTED_PERMISSION"
16-->[androidx.core:core:1.15.0] AndroidManifest.xml:23:9-81
17        android:protectionLevel="signature" />
17-->[androidx.core:core:1.15.0] AndroidManifest.xml:24:9-44
18
19    <uses-permission android:name="com.sukisu.ultra.DYNAMIC_RECEIVER_NOT_EXPORTED_PERMISSION" />
19-->[androidx.core:core:1.15.0] AndroidManifest.xml:26:5-97
19-->[androidx.core:core:1.15.0] AndroidManifest.xml:26:22-94
20
21    <application
21-->src/main/AndroidManifest.xml:12:5-71:19
22        android:name="com.sukisu.ultra.KernelSUApplication"
22-->src/main/AndroidManifest.xml:13:9-44
23        android:allowBackup="true"
23-->src/main/AndroidManifest.xml:14:9-35
24        android:appComponentFactory="androidx.core.app.CoreComponentFactory"
24-->[androidx.core:core:1.15.0] AndroidManifest.xml:28:18-86
25        android:dataExtractionRules="@xml/data_extraction_rules"
25-->src/main/AndroidManifest.xml:15:9-65
26        android:enableOnBackInvokedCallback="true"
26-->src/main/AndroidManifest.xml:16:9-51
27        android:extractNativeLibs="true"
28        android:fullBackupContent="@xml/backup_rules"
28-->src/main/AndroidManifest.xml:17:9-54
29        android:icon="@mipmap/ic_launcher"
29-->src/main/AndroidManifest.xml:18:9-43
30        android:label="@string/app_name"
30-->src/main/AndroidManifest.xml:19:9-41
31        android:localeConfig="@xml/_generated_res_locale_config"
32        android:networkSecurityConfig="@xml/network_security_config"
32-->src/main/AndroidManifest.xml:20:9-69
33        android:requestLegacyExternalStorage="true"
33-->src/main/AndroidManifest.xml:23:9-52
34        android:supportsRtl="true"
34-->src/main/AndroidManifest.xml:21:9-35
35        android:theme="@style/Theme.KernelSU" >
35-->src/main/AndroidManifest.xml:22:9-46
36        <activity
36-->src/main/AndroidManifest.xml:25:9-33:20
37            android:name="com.sukisu.ultra.ui.MainActivity"
37-->src/main/AndroidManifest.xml:26:13-44
38            android:exported="true"
38-->src/main/AndroidManifest.xml:27:13-36
39            android:theme="@style/Theme.KernelSU" >
39-->src/main/AndroidManifest.xml:28:13-50
40            <intent-filter>
40-->src/main/AndroidManifest.xml:29:13-32:29
41                <action android:name="android.intent.action.MAIN" />
41-->src/main/AndroidManifest.xml:30:17-69
41-->src/main/AndroidManifest.xml:30:25-66
42
43                <category android:name="android.intent.category.LAUNCHER" />
43-->src/main/AndroidManifest.xml:31:17-77
43-->src/main/AndroidManifest.xml:31:27-74
44            </intent-filter>
45        </activity>
46
47        <activity-alias
47-->src/main/AndroidManifest.xml:35:9-46:26
48            android:name="com.sukisu.ultra.ui.MainActivityAlias"
48-->src/main/AndroidManifest.xml:36:13-49
49            android:enabled="false"
49-->src/main/AndroidManifest.xml:38:13-36
50            android:exported="true"
50-->src/main/AndroidManifest.xml:37:13-36
51            android:icon="@mipmap/ic_launcher_alt"
51-->src/main/AndroidManifest.xml:39:13-51
52            android:roundIcon="@mipmap/ic_launcher_alt_round"
52-->src/main/AndroidManifest.xml:40:13-62
53            android:targetActivity="com.sukisu.ultra.ui.MainActivity" >
53-->src/main/AndroidManifest.xml:41:13-54
54            <intent-filter>
54-->src/main/AndroidManifest.xml:29:13-32:29
55                <action android:name="android.intent.action.MAIN" />
55-->src/main/AndroidManifest.xml:30:17-69
55-->src/main/AndroidManifest.xml:30:25-66
56
57                <category android:name="android.intent.category.LAUNCHER" />
57-->src/main/AndroidManifest.xml:31:17-77
57-->src/main/AndroidManifest.xml:31:27-74
58            </intent-filter>
59        </activity-alias>
60
61        <activity
61-->src/main/AndroidManifest.xml:48:9-53:59
62            android:name="com.sukisu.ultra.ui.webui.WebUIActivity"
62-->src/main/AndroidManifest.xml:49:13-51
63            android:autoRemoveFromRecents="true"
63-->src/main/AndroidManifest.xml:50:13-49
64            android:documentLaunchMode="intoExisting"
64-->src/main/AndroidManifest.xml:51:13-54
65            android:exported="false"
65-->src/main/AndroidManifest.xml:52:13-37
66            android:theme="@style/Theme.KernelSU.WebUI" />
66-->src/main/AndroidManifest.xml:53:13-56
67        <activity
67-->src/main/AndroidManifest.xml:55:9-60:59
68            android:name="com.sukisu.ultra.ui.webui.WebUIXActivity"
68-->src/main/AndroidManifest.xml:56:13-52
69            android:autoRemoveFromRecents="true"
69-->src/main/AndroidManifest.xml:57:13-49
70            android:documentLaunchMode="intoExisting"
70-->src/main/AndroidManifest.xml:58:13-54
71            android:exported="false"
71-->src/main/AndroidManifest.xml:59:13-37
72            android:theme="@style/Theme.KernelSU.WebUI" />
72-->src/main/AndroidManifest.xml:60:13-56
73
74        <provider
75            android:name="androidx.core.content.FileProvider"
75-->src/main/AndroidManifest.xml:63:13-62
76            android:authorities="com.sukisu.ultra.fileprovider"
76-->src/main/AndroidManifest.xml:64:13-64
77            android:exported="false"
77-->src/main/AndroidManifest.xml:65:13-37
78            android:grantUriPermissions="true" >
78-->src/main/AndroidManifest.xml:66:13-47
79            <meta-data
79-->src/main/AndroidManifest.xml:67:13-69:53
80                android:name="android.support.FILE_PROVIDER_PATHS"
80-->src/main/AndroidManifest.xml:68:17-67
81                android:resource="@xml/filepaths" />
81-->src/main/AndroidManifest.xml:69:17-50
82        </provider>
83
84        <activity
84-->[androidx.compose.ui:ui-tooling-android:1.8.2] AndroidManifest.xml:23:9-25:39
85            android:name="androidx.compose.ui.tooling.PreviewActivity"
85-->[androidx.compose.ui:ui-tooling-android:1.8.2] AndroidManifest.xml:24:13-71
86            android:exported="true" />
86-->[androidx.compose.ui:ui-tooling-android:1.8.2] AndroidManifest.xml:25:13-36
87
88        <provider
88-->[androidx.emoji2:emoji2:1.4.0] AndroidManifest.xml:24:9-32:20
89            android:name="androidx.startup.InitializationProvider"
89-->[androidx.emoji2:emoji2:1.4.0] AndroidManifest.xml:25:13-67
90            android:authorities="com.sukisu.ultra.androidx-startup"
90-->[androidx.emoji2:emoji2:1.4.0] AndroidManifest.xml:26:13-68
91            android:exported="false" >
91-->[androidx.emoji2:emoji2:1.4.0] AndroidManifest.xml:27:13-37
92            <meta-data
92-->[androidx.emoji2:emoji2:1.4.0] AndroidManifest.xml:29:13-31:52
93                android:name="androidx.emoji2.text.EmojiCompatInitializer"
93-->[androidx.emoji2:emoji2:1.4.0] AndroidManifest.xml:30:17-75
94                android:value="androidx.startup" />
94-->[androidx.emoji2:emoji2:1.4.0] AndroidManifest.xml:31:17-49
95            <meta-data
95-->[androidx.lifecycle:lifecycle-process:2.9.0] AndroidManifest.xml:29:13-31:52
96                android:name="androidx.lifecycle.ProcessLifecycleInitializer"
96-->[androidx.lifecycle:lifecycle-process:2.9.0] AndroidManifest.xml:30:17-78
97                android:value="androidx.startup" />
97-->[androidx.lifecycle:lifecycle-process:2.9.0] AndroidManifest.xml:31:17-49
98            <meta-data
98-->[androidx.profileinstaller:profileinstaller:1.4.0] AndroidManifest.xml:29:13-31:52
99                android:name="androidx.profileinstaller.ProfileInstallerInitializer"
99-->[androidx.profileinstaller:profileinstaller:1.4.0] AndroidManifest.xml:30:17-85
100                android:value="androidx.startup" />
100-->[androidx.profileinstaller:profileinstaller:1.4.0] AndroidManifest.xml:31:17-49
101        </provider>
102
103        <receiver
103-->[androidx.profileinstaller:profileinstaller:1.4.0] AndroidManifest.xml:34:9-52:20
104            android:name="androidx.profileinstaller.ProfileInstallReceiver"
104-->[androidx.profileinstaller:profileinstaller:1.4.0] AndroidManifest.xml:35:13-76
105            android:directBootAware="false"
105-->[androidx.profileinstaller:profileinstaller:1.4.0] AndroidManifest.xml:36:13-44
106            android:enabled="true"
106-->[androidx.profileinstaller:profileinstaller:1.4.0] AndroidManifest.xml:37:13-35
107            android:exported="true"
107-->[androidx.profileinstaller:profileinstaller:1.4.0] AndroidManifest.xml:38:13-36
108            android:permission="android.permission.DUMP" >
108-->[androidx.profileinstaller:profileinstaller:1.4.0] AndroidManifest.xml:39:13-57
109            <intent-filter>
109-->[androidx.profileinstaller:profileinstaller:1.4.0] AndroidManifest.xml:40:13-42:29
110                <action android:name="androidx.profileinstaller.action.INSTALL_PROFILE" />
110-->[androidx.profileinstaller:profileinstaller:1.4.0] AndroidManifest.xml:41:17-91
110-->[androidx.profileinstaller:profileinstaller:1.4.0] AndroidManifest.xml:41:25-88
111            </intent-filter>
112            <intent-filter>
112-->[androidx.profileinstaller:profileinstaller:1.4.0] AndroidManifest.xml:43:13-45:29
113                <action android:name="androidx.profileinstaller.action.SKIP_FILE" />
113-->[androidx.profileinstaller:profileinstaller:1.4.0] AndroidManifest.xml:44:17-85
113-->[androidx.profileinstaller:profileinstaller:1.4.0] AndroidManifest.xml:44:25-82
114            </intent-filter>
115            <intent-filter>
115-->[androidx.profileinstaller:profileinstaller:1.4.0] AndroidManifest.xml:46:13-48:29
116                <action android:name="androidx.profileinstaller.action.SAVE_PROFILE" />
116-->[androidx.profileinstaller:profileinstaller:1.4.0] AndroidManifest.xml:47:17-88
116-->[androidx.profileinstaller:profileinstaller:1.4.0] AndroidManifest.xml:47:25-85
117            </intent-filter>
118            <intent-filter>
118-->[androidx.profileinstaller:profileinstaller:1.4.0] AndroidManifest.xml:49:13-51:29
119                <action android:name="androidx.profileinstaller.action.BENCHMARK_OPERATION" />
119-->[androidx.profileinstaller:profileinstaller:1.4.0] AndroidManifest.xml:50:17-95
119-->[androidx.profileinstaller:profileinstaller:1.4.0] AndroidManifest.xml:50:25-92
120            </intent-filter>
121        </receiver>
122    </application>
123
124</manifest>